This is pdfTeX, Version 3.141592-1.40.3 (Web2C 7.5.6) (format=pdflatex 2010.4.30)  11 MAY 2010 14:39
entering extended mode
**acl10.tex
(./acl10.tex
LaTeX2e <2005/12/01>
Babel <v3.8h> and hyphenation patterns for english, usenglishmax, dumylang, noh
yphenation, arabic, basque, bulgarian, coptic, welsh, czech, slovak, german, ng
erman, danish, esperanto, spanish, catalan, galician, estonian, farsi, finnish,
 french, greek, monogreek, ancientgreek, croatian, hungarian, interlingua, ibyc
us, indonesian, icelandic, italian, latin, mongolian, dutch, norsk, polish, por
tuguese, pinyin, romanian, russian, slovenian, uppersorbian, serbian, swedish, 
turkish, ukenglish, ukrainian, loaded.
(/opt/local/share/texmf-dist/tex/latex/base/article.cls
Document Class: article 2005/09/16 v1.4f Standard LaTeX document class
(/opt/local/share/texmf-dist/tex/latex/base/size11.clo
File: size11.clo 2005/09/16 v1.4f Standard LaTeX file (size option)
)
\c@part=\count79
\c@section=\count80
\c@subsection=\count81
\c@subsubsection=\count82
\c@paragraph=\count83
\c@subparagraph=\count84
\c@figure=\count85
\c@table=\count86
\abovecaptionskip=\skip41
\belowcaptionskip=\skip42
\bibindent=\dimen102
) (./acl2010.sty
Conference Style for ACL 2005 -- released Octobe 11, 2004
\titlebox=\skip43
) (/opt/local/share/texmf-dist/tex/latex/psnfss/times.sty
Package: times 2005/04/12 PSNFSS-v9.2a (SPQR) 
)
(/opt/local/share/texmf-dist/tex/latex/amsfonts/amsfonts.sty
Package: amsfonts 2001/10/25 v2.2f
\@emptytoks=\toks14
\symAMSa=\mathgroup4
\symAMSb=\mathgroup5
LaTeX Font Info:    Overwriting math alphabet `\mathfrak' in version `bold'
(Font)                  U/euf/m/n --> U/euf/b/n on input line 132.
)
(/opt/local/share/texmf-dist/tex/latex/subfigure/subfigure.sty
Package: subfigure 2002/03/15 v2.1.5 subfigure package
\subfigtopskip=\skip44
\subfigcapskip=\skip45
\subfigcaptopadj=\dimen103
\subfigbottomskip=\skip46
\subfigcapmargin=\dimen104
\subfiglabelskip=\skip47
\c@subfigure=\count87
\c@lofdepth=\count88
\c@subtable=\count89
\c@lotdepth=\count90

****************************************
* Local config file subfigure.cfg used *
****************************************
(/opt/local/share/texmf-dist/tex/latex/subfigure/subfigure.cfg)
\subfig@top=\skip48
\subfig@bottom=\skip49
)
(/opt/local/share/texmf-dist/tex/latex/amsfonts/amssymb.sty
Package: amssymb 2002/01/22 v2.2d
)
(/opt/local/share/texmf-dist/tex/latex/caption/caption.sty
Package: caption 2007/01/07 v3.0k Customising captions (AR)

(/opt/local/share/texmf-dist/tex/latex/caption/caption3.sty
Package: caption3 2007/01/07 v3.0k caption3 kernel (AR)

(/opt/local/share/texmf-dist/tex/latex/graphics/keyval.sty
Package: keyval 1999/03/16 v1.13 key=value parser (DPC)
\KV@toks@=\toks15
)
\captionmargin=\dimen105
\captionmarginx=\dimen106
\captionwidth=\dimen107
\captionindent=\dimen108
\captionparindent=\dimen109
\captionhangindent=\dimen110
))
(/opt/local/share/texmf-dist/tex/latex/graphics/graphicx.sty
Package: graphicx 1999/02/16 v1.0f Enhanced LaTeX Graphics (DPC,SPQR)

(/opt/local/share/texmf-dist/tex/latex/graphics/graphics.sty
Package: graphics 2006/02/20 v1.0o Standard LaTeX Graphics (DPC,SPQR)

(/opt/local/share/texmf-dist/tex/latex/graphics/trig.sty
Package: trig 1999/03/16 v1.09 sin cos tan (DPC)
)
(/opt/local/share/texmf/tex/latex/config/graphics.cfg
File: graphics.cfg 2007/01/18 v1.5 graphics configuration of teTeX/TeXLive
)
Package graphics Info: Driver file: pdftex.def on input line 90.

(/opt/local/share/texmf-dist/tex/latex/pdftex-def/pdftex.def
File: pdftex.def 2007/01/08 v0.04d Graphics/color for pdfTeX
\Gread@gobject=\count91
))
\Gin@req@height=\dimen111
\Gin@req@width=\dimen112
)
(/opt/local/share/texmf-dist/tex/latex/amsmath/amsmath.sty
Package: amsmath 2000/07/18 v2.13 AMS math features
\@mathmargin=\skip50

For additional information on amsmath, use the `?' option.
(/opt/local/share/texmf-dist/tex/latex/amsmath/amstext.sty
Package: amstext 2000/06/29 v2.01

(/opt/local/share/texmf-dist/tex/latex/amsmath/amsgen.sty
File: amsgen.sty 1999/11/30 v2.0
\@emptytoks=\toks16
\ex@=\dimen113
))
(/opt/local/share/texmf-dist/tex/latex/amsmath/amsbsy.sty
Package: amsbsy 1999/11/29 v1.2d
\pmbraise@=\dimen114
)
(/opt/local/share/texmf-dist/tex/latex/amsmath/amsopn.sty
Package: amsopn 1999/12/14 v2.01 operator names
)
\inf@bad=\count92
LaTeX Info: Redefining \frac on input line 211.
\uproot@=\count93
\leftroot@=\count94
LaTeX Info: Redefining \overline on input line 307.
\classnum@=\count95
\DOTSCASE@=\count96
LaTeX Info: Redefining \ldots on input line 379.
LaTeX Info: Redefining \dots on input line 382.
LaTeX Info: Redefining \cdots on input line 467.
\Mathstrutbox@=\box26
\strutbox@=\box27
\big@size=\dimen115
LaTeX Font Info:    Redeclaring font encoding OML on input line 567.
LaTeX Font Info:    Redeclaring font encoding OMS on input line 568.
\macc@depth=\count97
\c@MaxMatrixCols=\count98
\dotsspace@=\muskip10
\c@parentequation=\count99
\dspbrk@lvl=\count100
\tag@help=\toks17
\row@=\count101
\column@=\count102
\maxfields@=\count103
\andhelp@=\toks18
\eqnshift@=\dimen116
\alignsep@=\dimen117
\tagshift@=\dimen118
\tagwidth@=\dimen119
\totwidth@=\dimen120
\lineht@=\dimen121
\@envbody=\toks19
\multlinegap=\skip51
\multlinetaggap=\skip52
\mathdisplay@stack=\toks20
LaTeX Info: Redefining \[ on input line 2666.
LaTeX Info: Redefining \] on input line 2667.
)
(/opt/local/share/texmf-dist/tex/latex/multirow/multirow.sty
\bigstrutjot=\dimen122
)
(/opt/local/share/texmf-dist/tex/latex/comment/comment.sty
\CommentStream=\write3

Excluding comment 'comment')
(/opt/local/share/texmf-dist/tex/latex/tools/enumerate.sty
Package: enumerate 1999/03/05 v3.00 enumerate extensions (DPC)
\@enLab=\toks21
)
(/opt/local/share/texmf-dist/tex/latex/base/latexsym.sty
Package: latexsym 1998/08/17 v2.2e Standard LaTeX package (lasy symbols)
\symlasy=\mathgroup6
LaTeX Font Info:    Overwriting symbol font `lasy' in version `bold'
(Font)                  U/lasy/m/n --> U/lasy/b/n on input line 47.
)
(/opt/local/share/texmf-local/tex/latex/tipa/tipa.sty
Package: tipa 2002/08/08 TIPA version 1.1

(/opt/local/share/texmf-dist/tex/latex/base/fontenc.sty
Package: fontenc 2005/09/27 v1.99g Standard LaTeX package

(/opt/local/share/texmf-local/tex/latex/tipa/t3enc.def
File: t3enc.def 2001/12/31 T3 encoding
LaTeX Font Info:    Try loading font information for OT1+phv on input line 357.


(/opt/local/share/texmf-dist/tex/latex/psnfss/ot1phv.fd
File: ot1phv.fd 2001/06/04 scalable font definitions for OT1/phv.
))
(/opt/local/share/texmf-dist/tex/latex/base/ot1enc.def
File: ot1enc.def 2005/09/27 v1.99g Standard LaTeX file
LaTeX Font Info:    Redeclaring font encoding OT1 on input line 43.
))) (./acl10.aux)
\openout1 = `acl10.aux'.

LaTeX Font Info:    Checking defaults for OML/cmm/m/it on input line 24.
LaTeX Font Info:    ... okay on input line 24.
LaTeX Font Info:    Checking defaults for T1/cmr/m/n on input line 24.
LaTeX Font Info:    ... okay on input line 24.
LaTeX Font Info:    Checking defaults for OT1/cmr/m/n on input line 24.
LaTeX Font Info:    ... okay on input line 24.
LaTeX Font Info:    Checking defaults for OMS/cmsy/m/n on input line 24.
LaTeX Font Info:    ... okay on input line 24.
LaTeX Font Info:    Checking defaults for OMX/cmex/m/n on input line 24.
LaTeX Font Info:    ... okay on input line 24.
LaTeX Font Info:    Checking defaults for U/cmr/m/n on input line 24.
LaTeX Font Info:    ... okay on input line 24.
LaTeX Font Info:    Checking defaults for T3/cmr/m/n on input line 24.
LaTeX Font Info:    Try loading font information for T3+cmr on input line 24.

(/opt/local/share/texmf-local/tex/latex/tipa/t3cmr.fd
File: t3cmr.fd 2001/12/31 TIPA font definitions
)
LaTeX Font Info:    ... okay on input line 24.
LaTeX Font Info:    Try loading font information for OT1+ptm on input line 24.

(/opt/local/share/texmf-dist/tex/latex/psnfss/ot1ptm.fd
File: ot1ptm.fd 2001/06/04 font definitions for OT1/ptm.
)
(/opt/local/share/texmf-dist/tex/latex/ragged2e/ragged2e.sty
Package: ragged2e 2003/03/25 v2.04 ragged2e Package (MS)

(/opt/local/share/texmf-dist/tex/latex/everysel/everysel.sty
Package: everysel 1999/06/08 v1.03 EverySelectfont Package (MS)
LaTeX Info: Redefining \selectfont on input line 125.
)
\CenteringLeftskip=\skip53
\RaggedLeftLeftskip=\skip54
\RaggedRightLeftskip=\skip55
\CenteringRightskip=\skip56
\RaggedLeftRightskip=\skip57
\RaggedRightRightskip=\skip58
\CenteringParfillskip=\skip59
\RaggedLeftParfillskip=\skip60
\RaggedRightParfillskip=\skip61
\JustifyingParfillskip=\skip62
\CenteringParindent=\skip63
\RaggedLeftParindent=\skip64
\RaggedRightParindent=\skip65
\JustifyingParindent=\skip66
)
(/opt/local/share/texmf-dist/tex/context/base/supp-pdf.tex
[Loading MPS to PDF converter (version 2006.09.02).]
\scratchcounter=\count104
\scratchdimen=\dimen123
\scratchbox=\box28
\nofMPsegments=\count105
\nofMParguments=\count106
\MPscratchCnt=\count107
\MPscratchDim=\dimen124
\MPnumerator=\count108
\everyMPtoPDFconversion=\toks22
)
LaTeX Font Info:    Font shape `OT1/ptm/bx/n' in size <14.4> not available
(Font)              Font shape `OT1/ptm/b/n' tried instead on input line 25.
LaTeX Font Info:    Try loading font information for U+msa on input line 25.
 (/opt/local/share/texmf-dist/tex/latex/amsfonts/umsa.fd
File: umsa.fd 2002/01/19 v2.2g AMS font definitions
)
LaTeX Font Info:    Try loading font information for U+msb on input line 25.

(/opt/local/share/texmf-dist/tex/latex/amsfonts/umsb.fd
File: umsb.fd 2002/01/19 v2.2g AMS font definitions
)
LaTeX Font Info:    Try loading font information for U+lasy on input line 25.

(/opt/local/share/texmf-dist/tex/latex/base/ulasy.fd
File: ulasy.fd 1998/08/17 v2.2e LaTeX symbol font definitions
)
LaTeX Font Info:    Font shape `OT1/ptm/bx/n' in size <12> not available
(Font)              Font shape `OT1/ptm/b/n' tried instead on input line 25.
LaTeX Font Info:    Try loading font information for OT1+pcr on input line 25.

(/opt/local/share/texmf-dist/tex/latex/psnfss/ot1pcr.fd
File: ot1pcr.fd 2001/06/04 font definitions for OT1/pcr.
)
LaTeX Font Info:    Try loading font information for OMS+pcr on input line 25.

(/opt/local/share/texmf-dist/tex/latex/psnfss/omspcr.fd
File: omspcr.fd 
)
LaTeX Font Info:    Font shape `OMS/pcr/m/n' in size <12> not available
(Font)              Font shape `OMS/cmsy/m/n' tried instead on input line 25.
LaTeX Font Info:    Try loading font information for T3+ptm on input line 74.

(/opt/local/share/texmf-local/tex/latex/tipa/t3ptm.fd
File: t3ptm.fd 2001/12/31 TIPA font definitions
)

LaTeX Font Warning: Font shape `T3/ptm/m/it' in size <10.95> not available
(Font)              Font shape `T3/ptm/m/sl' tried instead on input line 74.

[1{/opt/local/share/texmf/fonts/map/pdftex/updmap/pdftex.map}



]
<gmodel.pdf, id=11, 844.15375pt x 626.34pt>
File: gmodel.pdf Graphic file (type pdf)
 <use gmodel.pdf>
LaTeX Font Info:    Font shape `OT1/ptm/bx/n' in size <10.95> not available
(Font)              Font shape `OT1/ptm/b/n' tried instead on input line 159.
 [2]
Underfull \hbox (badness 1418) in paragraph at lines 244--265
\OT1/ptm/m/n/10.95 max-i-mize the per-mu-ta-tion cor-re-spond-ing to a
 []


Underfull \hbox (badness 10000) in paragraph at lines 244--265
[]
 []


Underfull \hbox (badness 1072) in paragraph at lines 244--265
\OT1/ptm/m/n/10.95 Each it-er-a-tion is then ac-tu-ally an in-stance of
 []

[3 <./gmodel.pdf>]
Underfull \hbox (badness 10000) in paragraph at lines 281--294
[]
 []


Underfull \hbox (badness 10000) in paragraph at lines 299--306
\OT1/ptm/m/n/10.95 Computing these mes-sages gives a pos-
 []


Underfull \hbox (badness 10000) in paragraph at lines 299--306
\OT1/ptm/m/n/10.95 te-rior marginal dis-tri-bu-tion $\OML/cmm/m/it/10.95 ^^V[]\
OT1/cmr/m/n/10.95 (\OML/cmm/m/it/10.95 w[]\OT1/cmr/m/n/10.95 ) =
 []


Underfull \hbox (badness 10000) in paragraph at lines 299--306
\OML/cmm/m/it/10.95 p\OT1/cmr/m/n/10.95 (\OML/cmm/m/it/10.95 w[]\OMS/cmsy/m/n/1
0.95 j\OT1/cmr/bx/n/10.95 w[]\OML/cmm/m/it/10.95 ; '; ^^Y[]\OT1/cmr/m/n/10.95 )
$\OT1/ptm/m/n/10.95 , which is pre-cisely
 []


Underfull \hbox (badness 1226) in paragraph at lines 299--306
\OT1/ptm/m/n/10.95 1955) to find the op-ti-mal as-sign-ment for the
 []


Underfull \hbox (badness 1137) in paragraph at lines 315--340
\OT1/ptm/m/n/10.95 So far we have only ad-dressed search-ing for
 []


Underfull \hbox (badness 2065) in paragraph at lines 351--358
[]\OT1/ptm/m/n/10.95 Because we en-force that a word must be
 []


Underfull \hbox (badness 1168) in paragraph at lines 351--358
\OT1/ptm/m/n/10.95 to learn the con-di-tional prob-a-bil-i-ties $\OML/cmm/m/it/
10.95 p\OT1/cmr/m/n/10.95 (\OML/cmm/m/it/10.95 S[] \OT1/cmr/m/n/10.95 =
 []

[4]
Underfull \hbox (badness 1337) in paragraph at lines 382--403
\OT1/ptm/m/n/10.95 need to find a marginal dis-tri-bu-tion over the
 []


Underfull \hbox (badness 3525) in paragraph at lines 382--403
\OT1/ptm/m/n/10.95 edges con-nect-ing any two lan-guages $\OML/cmm/m/it/10.95 a
$ \OT1/ptm/m/n/10.95 and
 []


Underfull \hbox (badness 2237) in paragraph at lines 382--403
\OML/cmm/m/it/10.95 d$\OT1/ptm/m/n/10.95 . With this dis-tri-bu-tion, we cal-cu
-late the
 []


Underfull \hbox (badness 1142) in paragraph at lines 382--403
\OT1/ptm/m/n/10.95 ex-pected ``align-ment un-i-grams.'' That is, for
 []


Underfull \hbox (badness 2529) in paragraph at lines 382--403
\OT1/ptm/m/n/10.95 each pair of phonemes $\OML/cmm/m/it/10.95 x$ \OT1/ptm/m/n/1
0.95 and $\OML/cmm/m/it/10.95 y$ \OT1/ptm/m/n/10.95 (or empty
 []


Underfull \hbox (badness 3148) in paragraph at lines 382--403
\OT1/ptm/m/n/10.95 phoneme $\OML/cmm/m/it/10.95 ^^O$\OT1/ptm/m/n/10.95 ), we ne
ed to find the quan-tity:
 []


Underfull \hbox (badness 10000) in paragraph at lines 382--403
[]
 []


Underfull \hbox (badness 1939) in paragraph at lines 382--403
\OT1/ptm/m/n/10.95 where we de-note $\OT1/cmr/m/n/10.95 #(\OML/cmm/m/it/10.95 x
; y\OT1/cmr/m/n/10.95 ; \OML/cmm/m/it/10.95 z\OT1/cmr/m/n/10.95 )$ \OT1/ptm/m/n
/10.95 to be the num-
 []


Underfull \hbox (badness 10000) in paragraph at lines 413--422
\OT1/ptm/m/n/10.95 Here, $\OT1/cmr/m/n/10.95 #(\OMS/cmsy/m/n/10.95 ^^A\OML/cmm/
m/it/10.95 ; \OMS/cmsy/m/n/10.95 ^^A\OT1/cmr/m/n/10.95 ; \OML/cmm/m/it/10.95 z\
OT1/cmr/m/n/10.95 ) = [][] #(\OML/cmm/m/it/10.95 x; y\OT1/cmr/m/n/10.95 ; \OML/
cmm/m/it/10.95 z\OT1/cmr/m/n/10.95 )$ \OT1/ptm/m/n/10.95 and
 []


Underfull \hbox (badness 3623) in paragraph at lines 413--422
\OT1/ptm/m/n/10.95 dele-tion pa-ram-e-ter. The nor-mal-izer should
 []


Underfull \hbox (badness 1533) in paragraph at lines 413--422
\OT1/ptm/m/n/10.95 be com-puted such that, for any phoneme $\OML/cmm/m/it/10.95
 x$\OT1/ptm/m/n/10.95 ,
 []


Underfull \hbox (badness 10000) in paragraph at lines 413--422
\OT1/ptm/m/n/10.95 (in-ser-tion, sub-sti-tu-tion/match, dele-tion) are
 []


Underfull \hbox (badness 1308) in paragraph at lines 438--447
\OT1/ptm/m/n/10.95 strings) as weighted paths through a di-rected
 []

[5] <fsa.pdf, id=122, 611.28375pt x 432.61626pt>
File: fsa.pdf Graphic file (type pdf)
 <use fsa.pdf> [6 <./fsa.pdf>]
[7]
LaTeX Font Info:    Font shape `OT1/ptm/bx/n' in size <9> not available
(Font)              Font shape `OT1/ptm/b/n' tried instead on input line 711.

Underfull \hbox (badness 10000) in paragraph at lines 784--784
[][]\OT1/ptm/m/n/9 This dataset will be made avail-able at
 []

[8] (./acl10.bbl [9]) [10] (./acl10.aux) ) 
Here is how much of TeX's memory you used:
 3821 strings out of 94073
 49515 string characters out of 1164797
 94412 words of memory out of 1500000
 7001 multiletter control sequences out of 10000+50000
 39606 words of font info for 95 fonts, out of 1200000 for 2000
 645 hyphenation exceptions out of 8191
 35i,21n,38p,222b,288s stack positions out of 5000i,500n,6000p,200000b,5000s
{/opt/local/share/texmf-dist/fonts/en
c/dvips/base/8r.enc}</opt/local/share/texmf-dist/fonts/type1/bluesky/cm/cmbx10.
pfb></opt/local/share/texmf-dist/fonts/type1/bluesky/cm/cmex10.pfb></opt/local/
share/texmf-dist/fonts/type1/bluesky/cm/cmmi10.pfb></opt/local/share/texmf-dist
/fonts/type1/bluesky/cm/cmmi5.pfb></opt/local/share/texmf-dist/fonts/type1/blue
sky/cm/cmmi6.pfb></opt/local/share/texmf-dist/fonts/type1/bluesky/cm/cmmi8.pfb>
</opt/local/share/texmf-dist/fonts/type1/bluesky/cm/cmmi9.pfb></opt/local/share
/texmf-dist/fonts/type1/bluesky/cm/cmr10.pfb></opt/local/share/texmf-dist/fonts
/type1/bluesky/cm/cmr6.pfb></opt/local/share/texmf-dist/fonts/type1/bluesky/cm/
cmr8.pfb></opt/local/share/texmf-dist/fonts/type1/bluesky/cm/cmr9.pfb></opt/loc
al/share/texmf-dist/fonts/type1/bluesky/cm/cmsy10.pfb></opt/local/share/texmf-d
ist/fonts/type1/bluesky/cm/cmsy6.pfb></opt/local/share/texmf-dist/fonts/type1/b
luesky/cm/cmsy8.pfb></opt/local/share/texmf-dist/fonts/type1/bluesky/cm/cmsy9.p
fb></opt/local/share/texmf-dist/fonts/type1/public/cmex/fmex9.pfb></opt/local/s
hare/texmf-dist/fonts/type1/urw/courier/ucrr8a.pfb></opt/local/share/texmf-dist
/fonts/type1/urw/times/utmb8a.pfb></opt/local/share/texmf-dist/fonts/type1/urw/
times/utmr8a.pfb></opt/local/share/texmf-dist/fonts/type1/urw/times/utmri8a.pfb
></opt/local/share/texmf-local/fonts/type1/fkr/tipa/xipasl10.pfb>
Output written on acl10.pdf (10 pages, 398992 bytes).
PDF statistics:
 382 PDF objects out of 1000 (max. 8388607)
 0 named destinations out of 1000 (max. 131072)
 11 words of extra memory for PDF output out of 10000 (max. 10000000)

